[22.05.2014 04:29:09.380] [0xc37290] [000] ======APPLICATION STARTUP====== 
[22.05.2014 04:29:09.382] [0xf22440] [003] qint64 LeechCraft::Util::{anonymous}::Collector(const QString&, qint64, QMutex*) running... "/home/hacker/.leechcraft/core/cache/" 
[22.05.2014 04:29:09.411] [0xf22440] [004] collector finished 0 
[22.05.2014 04:29:09.416] [0xc37290] [005] LxQtGuiPlatformPlugin::platformHint() is called 
[22.05.2014 04:29:09.585] [0xc37290] [006] LxQtGuiPlatformPlugin::platformHint() is called 
[22.05.2014 04:29:09.644] [0xc37290] [007] LxQtGuiPlatformPlugin::platformHint() is called 
[22.05.2014 04:29:09.644] [0xc37290] [008] LxQtGuiPlatformPlugin::platformHint() is called 
[22.05.2014 04:29:09.644] [0xc37290] [009] LxQtGuiPlatformPlugin::platformHint() is called 
[22.05.2014 04:29:09.644] [0xc37290] [010] LxQtGuiPlatformPlugin::platformHint() is called 
[22.05.2014 04:29:09.644] [0xc37290] [011] LxQtGuiPlatformPlugin::platformHint() is called 
[22.05.2014 04:29:09.652] [0xc37290] [012] LxQtGuiPlatformPlugin::platformHint() is called 
[22.05.2014 04:29:09.652] [0xc37290] [013] LxQtGuiPlatformPlugin::platformHint() is called 
[22.05.2014 04:29:09.653] [0xc37290] [014] LxQtGuiPlatformPlugin::systemIconThemeName() is called 
[22.05.2014 04:29:09.672] [0xc37290] [015] LxQtGuiPlatformPlugin::platformHint() is called 
[22.05.2014 04:29:11.537] [0xc37290] [016] Initializing "LeechCraft" 
[22.05.2014 04:29:11.635] [0xc37290] [017] void LeechCraft::Util::ResourceLoader::AddLocalPrefix(QString) ".leechcraft/data/themes/" doesn't exist, trying to create it... 
[22.05.2014 04:29:11.694] [0xc37290] [018] Initializing "Advanced Notifications" 
[22.05.2014 04:29:11.698] [0xc37290] [019] void LeechCraft::Util::ResourceLoader::AddLocalPrefix(QString) ".leechcraft/data/sounds/" doesn't exist, trying to create it... 
[22.05.2014 04:29:11.705] [0xc37290] [020] Initializing "CSTP" 
[22.05.2014 04:29:11.731] [0xc37290] [021] LxQtGuiPlatformPlugin::platformHint() is called 
[22.05.2014 04:29:11.732] [0xc37290] [022] Initializing "Aggregator" 
[22.05.2014 04:29:11.752] [0xc37290] [023] static LeechCraft::Aggregator::StorageBackend_ptr LeechCraft::Aggregator::StorageBackend::Create(LeechCraft::Aggregator::StorageBackend::Type, const QString&) created connection 
[22.05.2014 04:29:11.758] [0xc37290] [024] LxQtGuiPlatformPlugin::platformHint() is called 
[22.05.2014 04:29:11.758] [0x1270a80] [025] static LeechCraft::Aggregator::StorageBackend_ptr LeechCraft::Aggregator::StorageBackend::Create(LeechCraft::Aggregator::StorageBackend::Type, const QString&) created connection 
[22.05.2014 04:29:11.894] [0xc37290] [026] LxQtGuiPlatformPlugin::platformHint() is called 
[22.05.2014 04:29:12.030] [0xc37290] [027] Initializing "Aggregator BodyFetch" 
[22.05.2014 04:29:12.031] [0xc37290] [028] Initializing "AnHero" 
[22.05.2014 04:29:12.034] [0xc37290] [029] Initializing "Auscrie" 
[22.05.2014 04:29:12.043] [0xc37290] [030] Initializing "Azoth" 
[22.05.2014 04:29:12.141] [0xc37290] [031] LxQtGuiPlatformPlugin::platformHint() is called 
[22.05.2014 04:29:12.211] [0xc37290] [032] void LeechCraft::Util::ResourceLoader::AddLocalPrefix(QString) ".leechcraft/data/azoth/iconsets/contactlist/" doesn't exist, trying to create it... 
[22.05.2014 04:29:12.213] [0xc37290] [033] void LeechCraft::Util::ResourceLoader::AddLocalPrefix(QString) ".leechcraft/data/azoth/iconsets/clients/" doesn't exist, trying to create it... 
[22.05.2014 04:29:12.214] [0xc37290] [034] void LeechCraft::Util::ResourceLoader::AddLocalPrefix(QString) ".leechcraft/data/azoth/iconsets/affiliations/" doesn't exist, trying to create it... 
[22.05.2014 04:29:12.214] [0xc37290] [035] void LeechCraft::Util::ResourceLoader::AddLocalPrefix(QString) ".leechcraft/data/azoth/iconsets/system/" doesn't exist, trying to create it... 
[22.05.2014 04:29:12.215] [0xc37290] [036] void LeechCraft::Util::ResourceLoader::AddLocalPrefix(QString) ".leechcraft/data/azoth/iconsets/activities/" doesn't exist, trying to create it... 
[22.05.2014 04:29:12.216] [0xc37290] [037] void LeechCraft::Util::ResourceLoader::AddLocalPrefix(QString) ".leechcraft/data/azoth/iconsets/moods/" doesn't exist, trying to create it... 
[22.05.2014 04:29:12.414] [0xc37290] [038] LxQtGuiPlatformPlugin::platformHint() is called 
[22.05.2014 04:29:12.759] [0xc37290] [042] Initializing "Azoth Acetamide" 
[22.05.2014 04:29:12.765] [0xc37290] [043] Initializing "Azoth AdiumStyles" 
[22.05.2014 04:29:12.784] [0xc37290] [044] Initializing "Azoth Autoidler" 
[22.05.2014 04:29:12.787] [0xc37290] [045] Initializing "Azoth Autopaste" 
[22.05.2014 04:29:12.790] [0xc37290] [046] Initializing "Azoth Birthday Notifier" 
[22.05.2014 04:29:12.792] [0xc37290] [047] Initializing "Azoth ChatHistory" 
[22.05.2014 04:29:12.798] [0x164bee0] [048] void LeechCraft::Azoth::ChatHistory::Storage::PrepareEntryCache() loaded 0 entries 
[22.05.2014 04:29:12.799] [0xc37290] [049] Initializing "Azoth Depester" 
[22.05.2014 04:29:12.815] [0xc37290] [050] Initializing "Azoth EmbedMedia" 
[22.05.2014 04:29:12.815] [0xc37290] [051] Initializing "Azoth Herbicide" 
[22.05.2014 04:29:12.822] [0xc37290] [052] Initializing "Azoth HiLi" 
[22.05.2014 04:29:12.824] [0xc37290] [053] Initializing "Azoth Isterique" 
[22.05.2014 04:29:12.827] [0xc37290] [054] Initializing "Azoth Juick" 
[22.05.2014 04:29:12.829] [0xc37290] [055] Initializing "Azoth Keeso" 
[22.05.2014 04:29:12.829] [0xc37290] [056] Initializing "Azoth LastSeen" 
[22.05.2014 04:29:12.830] [0xc37290] [057] Initializing "Azoth Metacontacts" 
[22.05.2014 04:29:12.832] [0xc37290] [058] Initializing "Azoth Modnok" 
[22.05.2014 04:29:12.839] [0xc37290] [059] Initializing "Azoth Murm" 
[22.05.2014 04:29:12.843] [0xc37290] [060] Initializing "Azoth NativeEmoticons" 
[22.05.2014 04:29:12.845] [0xc37290] [062] void LeechCraft::Util::ResourceLoader::AddLocalPrefix(QString) ".leechcraft/data/azoth/emoticons/custom/psiplus/" doesn't exist, trying to create it... 
[22.05.2014 04:29:12.846] [0xc37290] [064] void LeechCraft::Util::ResourceLoader::AddLocalPrefix(QString) ".leechcraft/data/azoth/emoticons/custom/kopete/" doesn't exist, trying to create it... 
[22.05.2014 04:29:12.846] [0xc37290] [065] void LeechCraft::Util::ResourceLoader::AddLocalPrefix(QString) ".leechcraft/data/azoth/emoticons/native/" doesn't exist, trying to create it... 
[22.05.2014 04:29:12.846] [0xc37290] [066] Initializing "Azoth OTRoid" 
[22.05.2014 04:29:12.849] [0xc37290] [067] Initializing "Azoth p100q" 
[22.05.2014 04:29:12.854] [0xc37290] [068] Initializing "Azoth Rosenthal" 
[22.05.2014 04:29:12.855] [0xc37290] [069] Initializing "Azoth SHX" 
[22.05.2014 04:29:12.858] [0xc37290] [070] Initializing "Azoth StandardStyles" 
[22.05.2014 04:29:12.860] [0xc37290] [071] Initializing "Azoth Vader" 
[22.05.2014 04:29:12.862] [0xc37290] [072] Initializing "Azoth VelvetBird" 
[22.05.2014 04:29:12.866] [0xc37290] [073] Initializing "Azoth Woodpecker" 
[22.05.2014 04:29:12.876] [0xc37290] [074] Initializing "Azoth Xoox" 
[22.05.2014 04:29:12.879] [0xc37290] [076] Initializing "Azoth Xtazy" 
[22.05.2014 04:29:12.882] [0xc37290] [077] Initializing "Azoth Zheet" 
[22.05.2014 04:29:12.883] [0xc37290] [078] Initializing "BitTorrent" 
[22.05.2014 04:29:13.059] [0xc37290] [079] void LeechCraft::Plugins::BitTorrent::Core::RestoreTorrents() gonna restore 0 torrents 
[22.05.2014 04:29:13.059] [0xc37290] [080] LxQtGuiPlatformPlugin::platformHint() is called 
[22.05.2014 04:29:13.250] [0xc37290] [081] LxQtGuiPlatformPlugin::platformHint() is called 
[22.05.2014 04:29:13.273] [0xc37290] [082] Initializing "Blasq" 
[22.05.2014 04:29:13.346] [0xc37290] [083] Initializing "Blasq DeathNote" 
[22.05.2014 04:29:13.348] [0xc37290] [084] Initializing "Blasq Rappor" 
[22.05.2014 04:29:13.349] [0xc37290] [085] Initializing "Blasq Spegnersi" 
[22.05.2014 04:29:13.350] [0xc37290] [086] Initializing "Blasq Vangog" 
[22.05.2014 04:29:13.352] [0xc37290] [087] Initializing "Blogique" 
[22.05.2014 04:29:13.363] [0xc37290] [088] Initializing "Blogique Hestia" 
[22.05.2014 04:29:13.365] [0xc37290] [089] Initializing "Blogique Metida" 
[22.05.2014 04:29:13.397] [0xc37290] [090] Initializing "CertMgr" 
[22.05.2014 04:29:13.572] [0xc37290] [091] Initializing "DBus Manager" 
[22.05.2014 04:29:13.575] [0xc37290] [092] Initializing "Dolozhee" 
[22.05.2014 04:29:13.576] [0xc37290] [093] Initializing "Dumbeep" 
[22.05.2014 04:29:13.577] [0xc37290] [094] Initializing "GActs" 
[22.05.2014 04:29:13.578] [0xc37290] [095] Initializing "Glance" 
[22.05.2014 04:29:13.579] [0xc37290] [096] Initializing "History holder" 
[22.05.2014 04:29:13.579] [0xc37290] [097] LxQtGuiPlatformPlugin::platformHint() is called 
[22.05.2014 04:29:13.580] [0xc37290] [098] Initializing "Imgaste" 
[22.05.2014 04:29:13.581] [0xc37290] [099] Initializing "Kinotify" 
[22.05.2014 04:29:13.582] [0xc37290] [100] void LeechCraft::Util::ResourceLoader::AddLocalPrefix(QString) ".leechcraft/data/kinotify/themes/notification/" doesn't exist, trying to create it... 
[22.05.2014 04:29:13.584] [0xc37290] [101] Initializing "LHTR" 
[22.05.2014 04:29:13.586] [0xc37290] [102] Initializing "Liznoo" 
[22.05.2014 04:29:13.588] [0xc37290] [103] Initializing "New Life" 
[22.05.2014 04:29:13.589] [0xc37290] [104] Initializing "Otlozhu" 
[22.05.2014 04:29:13.594] [0xc37290] [105] Initializing "PinTab" 
[22.05.2014 04:29:13.595] [0xc37290] [106] Initializing "Rosenthal" 
[22.05.2014 04:29:13.601] [0xc37290] [107] Initializing "SecMan" 
[22.05.2014 04:29:13.603] [0xc37290] [108] Initializing "SimpleStorage" 
[22.05.2014 04:29:13.604] [0xc37290] [109] Initializing "Summary" 
[22.05.2014 04:29:13.609] [0xc37290] [110] Initializing "TabSessManager" 
[22.05.2014 04:29:13.612] [0xc37290] [111] Initializing "TabsList" 
[22.05.2014 04:29:13.613] [0xc37290] [112] Initializing "vGrabber" 
[22.05.2014 04:29:13.620] [0xc37290] [113] Initializing "XProxy" 
[22.05.2014 04:29:13.624] [0xc37290] [114] Initializing "Xtazy" 
[22.05.2014 04:29:13.715] [0xc37290] [115] void LeechCraft::Util::ResourceLoader::AddLocalPrefix(QString) ".leechcraft/data/azoth/styles/adium/" doesn't exist, trying to create it... 
[22.05.2014 04:29:13.719] [0xc37290] [116] void LeechCraft::Util::ResourceLoader::AddLocalPrefix(QString) ".leechcraft/data/azoth/styles/standard/" doesn't exist, trying to create it... 
[22.05.2014 04:29:13.721] [0xc37290] [118] void LeechCraft::CoreInstanceObject::BuildNewTabModel() DefaultNewTab QVariant(QString, "contextdependent") 
[22.05.2014 04:29:15.540] [0xc37290] [126] LxQtGuiPlatformPlugin::platformHint() is called 
[22.05.2014 04:29:15.920] [0xc37290] [128] <libtorrent> "successfully listening on 0.0.0.0:56881" 
[22.05.2014 04:29:15.920] [0xc37290] [129] <libtorrent> "successfully listening on 0.0.0.0:4433" 
[22.05.2014 04:29:15.920] [0xc37290] [130] <libtorrent> "successfully listening on [::]:56881" 
[22.05.2014 04:29:15.920] [0xc37290] [131] <libtorrent> "successfully listening on [::]:4434" 
[22.05.2014 04:31:51.058] [0xc37290] [138] <libtorrent> "could not map port using UPnP: no router found" 
[22.05.2014 04:31:51.058] [0xc37290] [139] <libtorrent> "could not map port using UPnP: no router found" 
[22.05.2014 04:31:51.058] [0xc37290] [140] <libtorrent> "could not map port using UPnP: no router found" 
[22.05.2014 04:34:51.906] [0xc37290] [143] LxQtGuiPlatformPlugin::platformHint() is called 
[22.05.2014 04:35:07.071] [0xc37290] [144] LxQtGuiPlatformPlugin::platformHint() is called 
[22.05.2014 04:35:07.734] [0xc37290] [145] LxQtGuiPlatformPlugin::platformHint() is called 
[22.05.2014 04:35:09.417] [0xc37290] [146] LxQtGuiPlatformPlugin::platformHint() is called 
[22.05.2014 04:36:16.690] [0xc37290] [147] LxQtGuiPlatformPlugin::platformHint() is called 
[22.05.2014 04:36:16.897] [0xc37290] [148] LxQtGuiPlatformPlugin::platformHint() is called 
[22.05.2014 04:36:26.162] [0xc37290] [149] LxQtGuiPlatformPlugin::platformHint() is called 
[22.05.2014 04:36:26.176] [0xc37290] [150] LxQtGuiPlatformPlugin::platformHint() is called 
[22.05.2014 04:36:26.267] [0xc37290] [151] LxQtGuiPlatformPlugin::platformHint() is called 
[22.05.2014 04:36:26.270] [0xc37290] [152] LxQtGuiPlatformPlugin::platformHint() is called 
[22.05.2014 04:36:26.272] [0xc37290] [153] LxQtGuiPlatformPlugin::platformHint() is called 
[22.05.2014 04:36:26.273] [0xc37290] [154] LxQtGuiPlatformPlugin::platformHint() is called 
[22.05.2014 04:36:26.275] [0xc37290] [155] LxQtGuiPlatformPlugin::platformHint() is called 
[22.05.2014 04:36:26.276] [0xc37290] [156] LxQtGuiPlatformPlugin::platformHint() is called 
[22.05.2014 04:36:26.277] [0xc37290] [157] LxQtGuiPlatformPlugin::platformHint() is called 
[22.05.2014 04:36:26.278] [0xc37290] [158] LxQtGuiPlatformPlugin::platformHint() is called 
[22.05.2014 04:36:26.328] [0xc37290] [160] LxQtGuiPlatformPlugin::platformHint() is called 
[22.05.2014 04:36:26.338] [0xc37290] [161] LxQtGuiPlatformPlugin::platformHint() is called 
[22.05.2014 04:36:26.338] [0xc37290] [162] LxQtGuiPlatformPlugin::platformHint() is called 
[22.05.2014 04:36:28.613] [0xc37290] [169] Releasing "Xtazy" 
[22.05.2014 04:36:28.613] [0xc37290] [170] Releasing "XProxy" 
[22.05.2014 04:36:28.613] [0xc37290] [171] Releasing "vGrabber" 
[22.05.2014 04:36:28.614] [0xc37290] [172] Releasing "TabsList" 
[22.05.2014 04:36:28.614] [0xc37290] [173] Releasing "TabSessManager" 
[22.05.2014 04:36:28.615] [0xc37290] [174] Releasing "Summary" 
[22.05.2014 04:36:28.629] [0xc37290] [175] Releasing "SimpleStorage" 
[22.05.2014 04:36:28.629] [0xc37290] [176] Releasing "SecMan" 
[22.05.2014 04:36:28.629] [0xc37290] [177] Releasing "Rosenthal" 
[22.05.2014 04:36:28.629] [0xc37290] [178] Releasing "PinTab" 
[22.05.2014 04:36:28.629] [0xc37290] [179] Releasing "Otlozhu" 
[22.05.2014 04:36:28.629] [0xc37290] [180] Releasing "New Life" 
[22.05.2014 04:36:28.629] [0xc37290] [181] Releasing "Liznoo" 
[22.05.2014 04:36:29.630] [0xc37290] [182] Releasing "LHTR" 
[22.05.2014 04:36:29.630] [0xc37290] [184] Releasing "Kinotify" 
[22.05.2014 04:36:29.630] [0xc37290] [185] Releasing "Imgaste" 
[22.05.2014 04:36:29.631] [0xc37290] [186] Releasing "History holder" 
[22.05.2014 04:36:29.631] [0xc37290] [187] Releasing "Glance" 
[22.05.2014 04:36:29.631] [0xc37290] [188] Releasing "GActs" 
[22.05.2014 04:36:29.632] [0xc37290] [189] Releasing "Dumbeep" 
[22.05.2014 04:36:29.632] [0xc37290] [190] Releasing "Dolozhee" 
[22.05.2014 04:36:29.632] [0xc37290] [191] Releasing "DBus Manager" 
[22.05.2014 04:36:29.632] [0xc37290] [192] Releasing "CertMgr" 
[22.05.2014 04:36:29.633] [0xc37290] [193] Releasing "Blogique Metida" 
[22.05.2014 04:36:29.634] [0xc37290] [194] Releasing "Blogique Hestia" 
[22.05.2014 04:36:29.635] [0xc37290] [195] Releasing "Blogique" 
[22.05.2014 04:36:29.635] [0xc37290] [196] Releasing "Blasq Vangog" 
[22.05.2014 04:36:29.635] [0xc37290] [197] Releasing "Blasq Spegnersi" 
[22.05.2014 04:36:29.635] [0xc37290] [198] Releasing "Blasq Rappor" 
[22.05.2014 04:36:29.635] [0xc37290] [199] Releasing "Blasq DeathNote" 
[22.05.2014 04:36:29.636] [0xc37290] [200] Releasing "Blasq" 
[22.05.2014 04:36:29.636] [0xc37290] [201] Releasing "BitTorrent" 
[22.05.2014 04:36:29.703] [0xc37290] [202] Releasing "Azoth Zheet" 
[22.05.2014 04:36:29.703] [0xc37290] [203] Releasing "Azoth Xtazy" 
[22.05.2014 04:36:29.703] [0xc37290] [204] Releasing "Azoth Xoox" 
[22.05.2014 04:36:29.703] [0xc37290] [205] Releasing "Azoth Woodpecker" 
[22.05.2014 04:36:29.703] [0xc37290] [206] Releasing "Azoth VelvetBird" 
[22.05.2014 04:36:29.728] [0xc37290] [207] Releasing "Azoth Vader" 
[22.05.2014 04:36:29.728] [0xc37290] [208] Releasing "Azoth StandardStyles" 
[22.05.2014 04:36:29.728] [0xc37290] [209] Releasing "Azoth SHX" 
[22.05.2014 04:36:29.728] [0xc37290] [210] Releasing "Azoth Rosenthal" 
[22.05.2014 04:36:29.728] [0xc37290] [211] Releasing "Azoth p100q" 
[22.05.2014 04:36:29.728] [0xc37290] [212] Releasing "Azoth OTRoid" 
[22.05.2014 04:36:29.728] [0xc37290] [213] Releasing "Azoth NativeEmoticons" 
[22.05.2014 04:36:29.729] [0xc37290] [214] Releasing "Azoth Murm" 
[22.05.2014 04:36:29.729] [0xc37290] [215] Releasing "Azoth Modnok" 
[22.05.2014 04:36:29.729] [0xc37290] [216] Releasing "Azoth Metacontacts" 
[22.05.2014 04:36:29.729] [0xc37290] [218] Releasing "Azoth LastSeen" 
[22.05.2014 04:36:29.729] [0xc37290] [219] Releasing "Azoth Keeso" 
[22.05.2014 04:36:29.729] [0xc37290] [220] Releasing "Azoth Juick" 
[22.05.2014 04:36:29.729] [0xc37290] [221] Releasing "Azoth Isterique" 
[22.05.2014 04:36:29.730] [0xc37290] [222] Releasing "Azoth HiLi" 
[22.05.2014 04:36:29.730] [0xc37290] [223] Releasing "Azoth Herbicide" 
[22.05.2014 04:36:29.730] [0xc37290] [224] Releasing "Azoth EmbedMedia" 
[22.05.2014 04:36:29.730] [0xc37290] [225] Releasing "Azoth Depester" 
[22.05.2014 04:36:29.730] [0xc37290] [226] Releasing "Azoth ChatHistory" 
[22.05.2014 04:36:29.730] [0xc37290] [227] Releasing "Azoth Birthday Notifier" 
[22.05.2014 04:36:29.730] [0xc37290] [228] Releasing "Azoth Autopaste" 
[22.05.2014 04:36:29.730] [0xc37290] [229] Releasing "Azoth Autoidler" 
[22.05.2014 04:36:29.730] [0xc37290] [230] Releasing "Azoth AdiumStyles" 
[22.05.2014 04:36:29.730] [0xc37290] [231] Releasing "Azoth Acetamide" 
[22.05.2014 04:36:29.731] [0xc37290] [232] Releasing "Azoth" 
[22.05.2014 04:36:29.735] [0xc37290] [233] Releasing "Auscrie" 
[22.05.2014 04:36:29.736] [0xc37290] [234] Releasing "AnHero" 
[22.05.2014 04:36:29.736] [0xc37290] [235] Releasing "Aggregator BodyFetch" 
[22.05.2014 04:36:29.736] [0xc37290] [236] Releasing "Aggregator" 
[22.05.2014 04:36:29.745] [0xc37290] [237] Releasing "CSTP" 
[22.05.2014 04:36:29.747] [0xc37290] [238] Releasing "Advanced Notifications" 
[22.05.2014 04:36:29.748] [0xc37290] [239] Releasing "LeechCraft" 
[22.05.2014 04:36:29.992] [0x1e3e290] [000] ======APPLICATION STARTUP====== 
[22.05.2014 04:36:29.994] [0x1e3e290] [002] LxQtGuiPlatformPlugin::platformHint() is called 
[22.05.2014 04:36:30.075] [0x1e3e290] [003] LxQtGuiPlatformPlugin::platformHint() is called 
[22.05.2014 04:36:30.140] [0x1e3e290] [004] LxQtGuiPlatformPlugin::platformHint() is called 
[22.05.2014 04:36:30.140] [0x1e3e290] [005] LxQtGuiPlatformPlugin::platformHint() is called 
[22.05.2014 04:36:30.140] [0x1e3e290] [006] LxQtGuiPlatformPlugin::platformHint() is called 
[22.05.2014 04:36:30.141] [0x1e3e290] [007] LxQtGuiPlatformPlugin::platformHint() is called 
[22.05.2014 04:36:30.141] [0x1e3e290] [008] LxQtGuiPlatformPlugin::platformHint() is called 
[22.05.2014 04:36:30.147] [0x1e3e290] [009] LxQtGuiPlatformPlugin::platformHint() is called 
[22.05.2014 04:36:30.147] [0x1e3e290] [010] LxQtGuiPlatformPlugin::platformHint() is called 
[22.05.2014 04:36:30.148] [0x1e3e290] [011] LxQtGuiPlatformPlugin::systemIconThemeName() is called 
[22.05.2014 04:36:30.158] [0x1e3e290] [012] LxQtGuiPlatformPlugin::platformHint() is called 
[22.05.2014 04:36:30.382] [0x1e3e290] [013] Initializing "LeechCraft" 
[22.05.2014 04:36:30.451] [0x1e3e290] [014] Initializing "Advanced Notifications" 
[22.05.2014 04:36:30.461] [0x1e3e290] [015] Initializing "CSTP" 
[22.05.2014 04:36:30.470] [0x1e3e290] [016] LxQtGuiPlatformPlugin::platformHint() is called 
[22.05.2014 04:36:30.470] [0x1e3e290] [017] Initializing "Aggregator" 
[22.05.2014 04:36:30.485] [0x1e3e290] [018] static LeechCraft::Aggregator::StorageBackend_ptr LeechCraft::Aggregator::StorageBackend::Create(LeechCraft::Aggregator::StorageBackend::Type, const QString&) created connection 
[22.05.2014 04:36:30.490] [0x1e3e290] [019] LxQtGuiPlatformPlugin::platformHint() is called 
[22.05.2014 04:36:30.491] [0x24884a0] [020] static LeechCraft::Aggregator::StorageBackend_ptr LeechCraft::Aggregator::StorageBackend::Create(LeechCraft::Aggregator::StorageBackend::Type, const QString&) created connection 
[22.05.2014 04:36:30.646] [0x1e3e290] [021] LxQtGuiPlatformPlugin::platformHint() is called 
[22.05.2014 04:36:30.810] [0x1e3e290] [022] Initializing "Aggregator BodyFetch" 
[22.05.2014 04:36:30.811] [0x1e3e290] [023] Initializing "AnHero" 
[22.05.2014 04:36:30.813] [0x1e3e290] [024] Initializing "Auscrie" 
[22.05.2014 04:36:30.823] [0x1e3e290] [025] Initializing "Azoth" 
[22.05.2014 04:36:30.825] [0x1e3e290] [026] LxQtGuiPlatformPlugin::platformHint() is called 
[22.05.2014 04:36:30.947] [0x1e3e290] [027] LxQtGuiPlatformPlugin::platformHint() is called 
[22.05.2014 04:36:31.063] [0x1e3e290] [031] Initializing "Azoth Acetamide" 
[22.05.2014 04:36:31.067] [0x1e3e290] [032] Initializing "Azoth AdiumStyles" 
[22.05.2014 04:36:31.069] [0x1e3e290] [033] Initializing "Azoth Autoidler" 
[22.05.2014 04:36:31.076] [0x1e3e290] [034] Initializing "Azoth Autopaste" 
[22.05.2014 04:36:31.080] [0x1e3e290] [035] Initializing "Azoth Birthday Notifier" 
[22.05.2014 04:36:31.084] [0x1e3e290] [036] Initializing "Azoth ChatHistory" 
[22.05.2014 04:36:31.088] [0x285b1d0] [037] void LeechCraft::Azoth::ChatHistory::Storage::PrepareEntryCache() loaded 0 entries 
[22.05.2014 04:36:31.091] [0x1e3e290] [038] Initializing "Azoth Depester" 
[22.05.2014 04:36:31.093] [0x1e3e290] [039] Initializing "Azoth EmbedMedia" 
[22.05.2014 04:36:31.094] [0x1e3e290] [040] Initializing "Azoth Herbicide" 
[22.05.2014 04:36:31.098] [0x1e3e290] [041] Initializing "Azoth HiLi" 
[22.05.2014 04:36:31.099] [0x1e3e290] [042] Initializing "Azoth Isterique" 
[22.05.2014 04:36:31.101] [0x1e3e290] [043] Initializing "Azoth Juick" 
[22.05.2014 04:36:31.103] [0x1e3e290] [044] Initializing "Azoth Keeso" 
[22.05.2014 04:36:31.103] [0x1e3e290] [045] Initializing "Azoth LastSeen" 
[22.05.2014 04:36:31.104] [0x1e3e290] [046] Initializing "Azoth Metacontacts" 
[22.05.2014 04:36:31.105] [0x1e3e290] [047] Initializing "Azoth Modnok" 
[22.05.2014 04:36:31.108] [0x1e3e290] [048] Initializing "Azoth Murm" 
[22.05.2014 04:36:31.110] [0x1e3e290] [049] Initializing "Azoth NativeEmoticons" 
[22.05.2014 04:36:31.113] [0x1e3e290] [052] Initializing "Azoth OTRoid" 
[22.05.2014 04:36:31.114] [0x1e3e290] [053] Initializing "Azoth p100q" 
[22.05.2014 04:36:31.117] [0x1e3e290] [054] Initializing "Azoth Rosenthal" 
[22.05.2014 04:36:31.118] [0x1e3e290] [055] Initializing "Azoth SHX" 
[22.05.2014 04:36:31.120] [0x1e3e290] [056] Initializing "Azoth StandardStyles" 
[22.05.2014 04:36:31.121] [0x1e3e290] [057] Initializing "Azoth Vader" 
[22.05.2014 04:36:31.123] [0x1e3e290] [058] Initializing "Azoth VelvetBird" 
[22.05.2014 04:36:31.123] [0x1e3e290] [059] Initializing "Azoth Woodpecker" 
[22.05.2014 04:36:31.130] [0x1e3e290] [060] Initializing "Azoth Xoox" 
[22.05.2014 04:36:31.132] [0x1e3e290] [062] Initializing "Azoth Xtazy" 
[22.05.2014 04:36:31.134] [0x1e3e290] [063] Initializing "Azoth Zheet" 
[22.05.2014 04:36:31.135] [0x1e3e290] [064] Initializing "BitTorrent" 
[22.05.2014 04:36:31.176] [0x1e3e290] [065] void LeechCraft::Plugins::BitTorrent::Core::RestoreTorrents() gonna restore 0 torrents 
[22.05.2014 04:36:31.177] [0x1e3e290] [066] LxQtGuiPlatformPlugin::platformHint() is called 
[22.05.2014 04:36:31.441] [0x1e3e290] [067] LxQtGuiPlatformPlugin::platformHint() is called 
[22.05.2014 04:36:31.464] [0x1e3e290] [068] Initializing "Blasq" 
[22.05.2014 04:36:31.467] [0x1e3e290] [069] Initializing "Blasq DeathNote" 
[22.05.2014 04:36:31.468] [0x1e3e290] [070] Initializing "Blasq Rappor" 
[22.05.2014 04:36:31.470] [0x1e3e290] [071] Initializing "Blasq Spegnersi" 
[22.05.2014 04:36:31.471] [0x1e3e290] [072] Initializing "Blasq Vangog" 
[22.05.2014 04:36:31.472] [0x1e3e290] [073] Initializing "Blogique" 
[22.05.2014 04:36:31.483] [0x1e3e290] [074] Initializing "Blogique Hestia" 
[22.05.2014 04:36:31.484] [0x1e3e290] [075] Initializing "Blogique Metida" 
[22.05.2014 04:36:31.520] [0x1e3e290] [076] Initializing "CertMgr" 
[22.05.2014 04:36:31.557] [0x1e3e290] [077] Initializing "DBus Manager" 
[22.05.2014 04:36:31.559] [0x1e3e290] [078] Initializing "Dolozhee" 
[22.05.2014 04:36:31.560] [0x1e3e290] [079] Initializing "Dumbeep" 
[22.05.2014 04:36:31.561] [0x1e3e290] [080] Initializing "GActs" 
[22.05.2014 04:36:31.562] [0x1e3e290] [081] Initializing "Glance" 
[22.05.2014 04:36:31.563] [0x1e3e290] [082] Initializing "History holder" 
[22.05.2014 04:36:31.563] [0x1e3e290] [083] LxQtGuiPlatformPlugin::platformHint() is called 
[22.05.2014 04:36:31.563] [0x1e3e290] [084] Initializing "Imgaste" 
[22.05.2014 04:36:31.564] [0x1e3e290] [085] Initializing "Kinotify" 
[22.05.2014 04:36:31.568] [0x1e3e290] [086] Initializing "LHTR" 
[22.05.2014 04:36:31.569] [0x1e3e290] [087] Initializing "Liznoo" 
[22.05.2014 04:36:31.571] [0x1e3e290] [088] Initializing "New Life" 
[22.05.2014 04:36:31.573] [0x1e3e290] [089] Initializing "Otlozhu" 
[22.05.2014 04:36:31.577] [0x1e3e290] [090] Initializing "PinTab" 
[22.05.2014 04:36:31.578] [0x1e3e290] [091] Initializing "Rosenthal" 
[22.05.2014 04:36:31.582] [0x1e3e290] [092] Initializing "SecMan" 
[22.05.2014 04:36:31.582] [0x1e3e290] [093] Initializing "SimpleStorage" 
[22.05.2014 04:36:31.583] [0x1e3e290] [094] Initializing "Summary" 
[22.05.2014 04:36:31.588] [0x1e3e290] [095] Initializing "TabSessManager" 
[22.05.2014 04:36:31.590] [0x1e3e290] [096] Initializing "TabsList" 
[22.05.2014 04:36:31.591] [0x1e3e290] [097] Initializing "vGrabber" 
[22.05.2014 04:36:31.595] [0x1e3e290] [098] Initializing "XProxy" 
[22.05.2014 04:36:31.599] [0x1e3e290] [099] Initializing "Xtazy" 
[22.05.2014 04:36:31.668] [0x1e3e290] [101] void LeechCraft::CoreInstanceObject::BuildNewTabModel() DefaultNewTab QVariant(QString, "contextdependent") 
[22.05.2014 04:36:32.255] [0x1e3e290] [105] <libtorrent> "successfully listening on 0.0.0.0:56882" 
[22.05.2014 04:36:32.255] [0x1e3e290] [106] <libtorrent> "successfully listening on 0.0.0.0:4435" 
[22.05.2014 04:36:32.255] [0x1e3e290] [107] <libtorrent> "successfully listening on [::]:56882" 
[22.05.2014 04:36:32.255] [0x1e3e290] [108] <libtorrent> "successfully listening on [::]:4436" 
[22.05.2014 04:36:52.967] [0x1e3e290] [115] LxQtGuiPlatformPlugin::platformHint() is called 
[22.05.2014 04:37:12.682] [0x1e3e290] [118] LxQtGuiPlatformPlugin::platformHint() is called 
[22.05.2014 04:37:49.365] [0x1e3e290] [119] LxQtGuiPlatformPlugin::platformHint() is called 
[22.05.2014 04:37:49.751] [0x1e3e290] [120] LxQtGuiPlatformPlugin::platformHint() is called 
[22.05.2014 04:38:12.502] [0x1e3e290] [121] LxQtGuiPlatformPlugin::platformHint() is called 
[22.05.2014 04:38:14.071] [0x1e3e290] [122] LxQtGuiPlatformPlugin::platformHint() is called 
[22.05.2014 04:39:09.174] [0x1e3e290] [123] <libtorrent> "could not map port using UPnP: no router found" 
[22.05.2014 04:39:09.174] [0x1e3e290] [124] <libtorrent> "could not map port using UPnP: no router found" 
[22.05.2014 04:39:09.175] [0x1e3e290] [125] <libtorrent> "could not map port using UPnP: no router found" 
[22.05.2014 04:39:59.522] [0x1e3e290] [126] LxQtGuiPlatformPlugin::platformHint() is called 
[22.05.2014 04:40:01.057] [0x1e3e290] [127] LxQtGuiPlatformPlugin::platformHint() is called 
[22.05.2014 04:40:05.796] [0x1e3e290] [128] LxQtGuiPlatformPlugin::platformHint() is called 
[22.05.2014 04:40:07.896] [0x1e3e290] [129] LxQtGuiPlatformPlugin::platformHint() is called 
[22.05.2014 04:40:15.222] [0x1e3e290] [130] LxQtGuiPlatformPlugin::platformHint() is called 
[22.05.2014 04:40:23.913] [0x1e3e290] [131] LxQtGuiPlatformPlugin::platformHint() is called 
[22.05.2014 04:40:24.592] [0x1e3e290] [132] LxQtGuiPlatformPlugin::platformHint() is called 
[22.05.2014 04:40:28.138] [0x1e3e290] [133] LxQtGuiPlatformPlugin::platformHint() is called 
[22.05.2014 04:40:29.602] [0x1e3e290] [134] LxQtGuiPlatformPlugin::platformHint() is called 
[22.05.2014 04:41:20.252] [0x1e3e290] [135] LxQtGuiPlatformPlugin::platformHint() is called 
[22.05.2014 04:41:21.468] [0x1e3e290] [136] LxQtGuiPlatformPlugin::platformHint() is called 
[22.05.2014 04:41:22.856] [0x1e3e290] [137] LxQtGuiPlatformPlugin::platformHint() is called 
[22.05.2014 04:41:24.364] [0x1e3e290] [138] LxQtGuiPlatformPlugin::platformHint() is called 
[22.05.2014 04:41:27.113] [0x1e3e290] [139] LxQtGuiPlatformPlugin::platformHint() is called 
[22.05.2014 04:41:28.421] [0x1e3e290] [140] LxQtGuiPlatformPlugin::platformHint() is called 
[22.05.2014 04:41:29.956] [0x1e3e290] [141] LxQtGuiPlatformPlugin::platformHint() is called 
[22.05.2014 04:41:30.321] [0x1e3e290] [142] LxQtGuiPlatformPlugin::platformHint() is called 
[22.05.2014 04:41:34.261] [0x1e3e290] [143] LxQtGuiPlatformPlugin::platformHint() is called 
[22.05.2014 04:41:35.341] [0x1e3e290] [144] LxQtGuiPlatformPlugin::platformHint() is called 
[22.05.2014 04:41:35.909] [0x1e3e290] [145] LxQtGuiPlatformPlugin::platformHint() is called 
[22.05.2014 04:41:36.471] [0x1e3e290] [146] LxQtGuiPlatformPlugin::platformHint() is called 
[22.05.2014 04:41:49.377] [0x1e3e290] [147] LxQtGuiPlatformPlugin::platformHint() is called 
[22.05.2014 04:42:05.899] [0x1e3e290] [148] LxQtGuiPlatformPlugin::platformHint() is called 
[22.05.2014 04:42:15.619] [0x1e3e290] [149] LxQtGuiPlatformPlugin::platformHint() is called 
[22.05.2014 04:42:17.255] [0x1e3e290] [150] LxQtGuiPlatformPlugin::platformHint() is called 
[22.05.2014 04:42:17.810] [0x1e3e290] [151] LxQtGuiPlatformPlugin::platformHint() is called 
[22.05.2014 04:42:18.882] [0x1e3e290] [152] LxQtGuiPlatformPlugin::platformHint() is called 
[22.05.2014 04:42:20.006] [0x1e3e290] [153] LxQtGuiPlatformPlugin::platformHint() is called 
[22.05.2014 04:42:21.466] [0x1e3e290] [154] LxQtGuiPlatformPlugin::platformHint() is called 
[22.05.2014 04:42:22.231] [0x1e3e290] [155] LxQtGuiPlatformPlugin::platformHint() is called 
[22.05.2014 04:42:27.567] [0x1e3e290] [156] LxQtGuiPlatformPlugin::platformHint() is called 
[22.05.2014 04:42:32.667] [0x1e3e290] [157] LxQtGuiPlatformPlugin::platformHint() is called 
[22.05.2014 04:42:34.254] [0x1e3e290] [158] LxQtGuiPlatformPlugin::platformHint() is called 
[22.05.2014 04:42:35.521] [0x1e3e290] [159] LxQtGuiPlatformPlugin::platformHint() is called 
[22.05.2014 04:42:41.651] [0x1e3e290] [160] LxQtGuiPlatformPlugin::platformHint() is called 
[22.05.2014 04:42:42.884] [0x1e3e290] [161] LxQtGuiPlatformPlugin::platformHint() is called 
[22.05.2014 04:42:43.807] [0x1e3e290] [162] LxQtGuiPlatformPlugin::platformHint() is called 
[22.05.2014 04:42:54.329] [0x1e3e290] [163] LxQtGuiPlatformPlugin::platformHint() is called 
[22.05.2014 04:42:58.673] [0x1e3e290] [164] LxQtGuiPlatformPlugin::platformHint() is called 
[22.05.2014 04:43:09.538] [0x1e3e290] [165] LxQtGuiPlatformPlugin::platformHint() is called 
[22.05.2014 04:43:11.285] [0x1e3e290] [166] LxQtGuiPlatformPlugin::platformHint() is called 
[22.05.2014 04:43:12.368] [0x1e3e290] [167] LxQtGuiPlatformPlugin::platformHint() is called 
[22.05.2014 04:43:15.846] [0x1e3e290] [168] LxQtGuiPlatformPlugin::platformHint() is called 
[22.05.2014 04:43:33.453] [0x1e3e290] [174] LxQtGuiPlatformPlugin::platformHint() is called 
[22.05.2014 04:43:33.864] [0x1e3e290] [175] LxQtGuiPlatformPlugin::platformHint() is called 
[22.05.2014 04:44:10.680] [0x1e3e290] [181] LxQtGuiPlatformPlugin::platformHint() is called 
[22.05.2014 04:45:20.709] [0x1e3e290] [183] Releasing "Xtazy" 
[22.05.2014 04:45:20.709] [0x1e3e290] [184] Releasing "XProxy" 
[22.05.2014 04:45:20.709] [0x1e3e290] [185] Releasing "vGrabber" 
[22.05.2014 04:45:20.710] [0x1e3e290] [186] Releasing "TabsList" 
[22.05.2014 04:45:20.710] [0x1e3e290] [187] Releasing "TabSessManager" 
[22.05.2014 04:45:20.712] [0x1e3e290] [188] Releasing "Summary" 
[22.05.2014 04:45:20.727] [0x1e3e290] [189] Releasing "SimpleStorage" 
[22.05.2014 04:45:20.727] [0x1e3e290] [190] Releasing "SecMan" 
[22.05.2014 04:45:20.727] [0x1e3e290] [191] Releasing "Rosenthal" 
[22.05.2014 04:45:20.727] [0x1e3e290] [192] Releasing "PinTab" 
[22.05.2014 04:45:20.727] [0x1e3e290] [193] Releasing "Otlozhu" 
[22.05.2014 04:45:20.728] [0x1e3e290] [194] Releasing "New Life" 
[22.05.2014 04:45:20.728] [0x1e3e290] [195] Releasing "Liznoo" 
[22.05.2014 04:45:21.728] [0x1e3e290] [196] Releasing "LHTR" 
[22.05.2014 04:45:21.728] [0x1e3e290] [197] Releasing "Kinotify" 
[22.05.2014 04:45:21.729] [0x1e3e290] [199] Releasing "Imgaste" 
[22.05.2014 04:45:21.729] [0x1e3e290] [200] Releasing "History holder" 
[22.05.2014 04:45:21.729] [0x1e3e290] [201] Releasing "Glance" 
[22.05.2014 04:45:21.729] [0x1e3e290] [202] Releasing "GActs" 
[22.05.2014 04:45:21.730] [0x1e3e290] [203] Releasing "Dumbeep" 
[22.05.2014 04:45:21.730] [0x1e3e290] [204] Releasing "Dolozhee" 
[22.05.2014 04:45:21.730] [0x1e3e290] [205] Releasing "DBus Manager" 
[22.05.2014 04:45:21.730] [0x1e3e290] [206] Releasing "CertMgr" 
[22.05.2014 04:45:21.730] [0x1e3e290] [207] Releasing "Blogique Metida" 
[22.05.2014 04:45:21.731] [0x1e3e290] [208] Releasing "Blogique Hestia" 
[22.05.2014 04:45:21.732] [0x1e3e290] [209] Releasing "Blogique" 
[22.05.2014 04:45:21.732] [0x1e3e290] [210] Releasing "Blasq Vangog" 
[22.05.2014 04:45:21.732] [0x1e3e290] [211] Releasing "Blasq Spegnersi" 
[22.05.2014 04:45:21.732] [0x1e3e290] [212] Releasing "Blasq Rappor" 
[22.05.2014 04:45:21.733] [0x1e3e290] [213] Releasing "Blasq DeathNote" 
[22.05.2014 04:45:21.733] [0x1e3e290] [214] Releasing "Blasq" 
[22.05.2014 04:45:21.733] [0x1e3e290] [215] Releasing "BitTorrent" 
[22.05.2014 04:45:21.797] [0x1e3e290] [216] Releasing "Azoth Zheet" 
[22.05.2014 04:45:21.797] [0x1e3e290] [217] Releasing "Azoth Xtazy" 
[22.05.2014 04:45:21.797] [0x1e3e290] [218] Releasing "Azoth Xoox" 
[22.05.2014 04:45:21.797] [0x1e3e290] [219] Releasing "Azoth Woodpecker" 
[22.05.2014 04:45:21.797] [0x1e3e290] [220] Releasing "Azoth VelvetBird" 
[22.05.2014 04:45:21.820] [0x1e3e290] [221] Releasing "Azoth Vader" 
[22.05.2014 04:45:21.820] [0x1e3e290] [222] Releasing "Azoth StandardStyles" 
[22.05.2014 04:45:21.820] [0x1e3e290] [223] Releasing "Azoth SHX" 
[22.05.2014 04:45:21.820] [0x1e3e290] [224] Releasing "Azoth Rosenthal" 
[22.05.2014 04:45:21.820] [0x1e3e290] [225] Releasing "Azoth p100q" 
[22.05.2014 04:45:21.820] [0x1e3e290] [226] Releasing "Azoth OTRoid" 
[22.05.2014 04:45:21.820] [0x1e3e290] [227] Releasing "Azoth NativeEmoticons" 
[22.05.2014 04:45:21.820] [0x1e3e290] [228] Releasing "Azoth Murm" 
[22.05.2014 04:45:21.821] [0x1e3e290] [229] Releasing "Azoth Modnok" 
[22.05.2014 04:45:21.821] [0x1e3e290] [230] Releasing "Azoth Metacontacts" 
[22.05.2014 04:45:21.821] [0x1e3e290] [232] Releasing "Azoth LastSeen" 
[22.05.2014 04:45:21.821] [0x1e3e290] [233] Releasing "Azoth Keeso" 
[22.05.2014 04:45:21.821] [0x1e3e290] [234] Releasing "Azoth Juick" 
[22.05.2014 04:45:21.821] [0x1e3e290] [235] Releasing "Azoth Isterique" 
[22.05.2014 04:45:21.821] [0x1e3e290] [236] Releasing "Azoth HiLi" 
[22.05.2014 04:45:21.821] [0x1e3e290] [237] Releasing "Azoth Herbicide" 
[22.05.2014 04:45:21.822] [0x1e3e290] [238] Releasing "Azoth EmbedMedia" 
[22.05.2014 04:45:21.822] [0x1e3e290] [239] Releasing "Azoth Depester" 
[22.05.2014 04:45:21.822] [0x1e3e290] [240] Releasing "Azoth ChatHistory" 
[22.05.2014 04:45:21.822] [0x1e3e290] [241] Releasing "Azoth Birthday Notifier" 
[22.05.2014 04:45:21.822] [0x1e3e290] [242] Releasing "Azoth Autopaste" 
[22.05.2014 04:45:21.822] [0x1e3e290] [243] Releasing "Azoth Autoidler" 
[22.05.2014 04:45:21.822] [0x1e3e290] [244] Releasing "Azoth AdiumStyles" 
[22.05.2014 04:45:21.822] [0x1e3e290] [245] Releasing "Azoth Acetamide" 
[22.05.2014 04:45:21.822] [0x1e3e290] [246] Releasing "Azoth" 
[22.05.2014 04:45:21.828] [0x1e3e290] [247] Releasing "Auscrie" 
[22.05.2014 04:45:21.828] [0x1e3e290] [248] Releasing "AnHero" 
[22.05.2014 04:45:21.828] [0x1e3e290] [249] Releasing "Aggregator BodyFetch" 
[22.05.2014 04:45:21.828] [0x1e3e290] [250] Releasing "Aggregator" 
[22.05.2014 04:45:21.836] [0x1e3e290] [251] Releasing "CSTP" 
[22.05.2014 04:45:21.839] [0x1e3e290] [252] Releasing "Advanced Notifications" 
[22.05.2014 04:45:21.840] [0x1e3e290] [253] Releasing "LeechCraft" 
