[22.05.2014 04:29:09.380] [0xc37290] [001] ======APPLICATION STARTUP====== 
[22.05.2014 04:29:09.382] [0xc37290] [002] LeechCraft::NetworkAccessManager::NetworkAccessManager(QObject*) could not open file "/home/hacker/.leechcraft/core/cookies.txt" "No such file or directory" 
[22.05.2014 04:29:12.694] [0xc37290] [039] void LeechCraft::ItemHandlerCombobox::SetDataSource(const QString&, QAbstractItemModel*, LeechCraft::Util::XmlSettingsDialog*) QComboBox(0x1445700, name = "ClientIcons") 0 -1 QVariant(QString, "default") not found 
[22.05.2014 04:29:12.720] [0xc37290] [040] Could not resolve property : linearGradient4101
[22.05.2014 04:29:12.743] [0xc37290] [041] Could not resolve property : linearGradient4101
[22.05.2014 04:29:12.845] [0xc37290] [061] void LeechCraft::Util::ResourceLoader::AddGlobalPrefix() no prefixes have been added: ("/usr/local/share/leechcraft/", "/usr/share/leechcraft/") ; rel path: "azoth/emoticons/custom/psiplus/" 
[22.05.2014 04:29:12.846] [0xc37290] [063] void LeechCraft::Util::ResourceLoader::AddGlobalPrefix() no prefixes have been added: ("/usr/local/share/leechcraft/", "/usr/share/leechcraft/") ; rel path: "azoth/emoticons/custom/kopete/" 
[22.05.2014 04:29:12.879] [0xc37290] [075] void LeechCraft::Azoth::Xoox::CapsDatabase::Load() unable to open file "/home/hacker/.leechcraft/azoth/xoox/caps_s.db" for reading: "No such file or directory" 
[22.05.2014 04:29:13.720] [0xc37290] [117] void LeechCraft::Azoth::Core::AddProtocolPlugin(QObject*) plugin LeechCraft::Azoth::Woodpecker::Plugin(0x10097e0) tells it implements the IProtocolPlugin but cast failed 
[22.05.2014 04:29:13.938] [0xc37290] [119] void LeechCraft::Aggregator::LoadColumnWidth(QTreeView*, const QString&) Column count of tree ( 3 ) != column count in settings ( 0 ) 
[22.05.2014 04:29:13.939] [0xc37290] [120] void LeechCraft::Aggregator::LoadColumnWidth(QTreeView*, const QString&) Column count of tree ( 2 ) != column count in settings ( 0 ) 
[22.05.2014 04:29:13.940] [0xc37290] [121] virtual void LeechCraft::Aggregator::BodyFetch::Plugin::SecondInit() unable to find a suitable loader, aborting 
[22.05.2014 04:29:13.956] [0xc37290] [122] void LeechCraft::ItemHandlerCombobox::SetDataSource(const QString&, QAbstractItemModel*, LeechCraft::Util::XmlSettingsDialog*) QComboBox(0x146cdb0, name = "SmileIcons") 3 0 QVariant(QString, "None") not found 
[22.05.2014 04:29:13.956] [0xc37290] [123] virtual void LeechCraft::ItemHandlerCombobox::SetValue(QWidget*, const QVariant&) const QComboBox(0x146cdb0, name = "SmileIcons") QVariant(QString, "") not found 
[22.05.2014 04:29:13.958] [0xc37290] [124] void LeechCraft::ItemHandlerCombobox::SetDataSource(const QString&, QAbstractItemModel*, LeechCraft::Util::XmlSettingsDialog*) QComboBox(0x14cba00, name = "ChatWindowStyleVariant") 0 -1 QVariant(, ) not found 
[22.05.2014 04:29:13.958] [0xc37290] [125] void LeechCraft::ItemHandlerCombobox::SetDataSource(const QString&, QAbstractItemModel*, LeechCraft::Util::XmlSettingsDialog*) QComboBox(0x14f5d60, name = "MUCWindowStyleVariant") 0 -1 QVariant(, ) not found 
[22.05.2014 04:29:15.579] [0xc37290] [127] void LeechCraft::DockToolbarManager::AddDock(QDockWidget*, Qt::DockWidgetArea) double-adding QDockWidget(0x1387650) "Azoth" 
[22.05.2014 04:29:25.107] [0xc37290] [132] libpng warning: iCCP: known incorrect sRGB profile
[22.05.2014 04:30:26.871] [0xc37290] [133] QWizard::field: No such field 'Aggregator/StorageDirty'
[22.05.2014 04:30:38.047] [0xc37290] [134] void LeechCraft::DockToolbarManager::AddDock(QDockWidget*, Qt::DockWidgetArea) double-adding QDockWidget(0x1387650) "Azoth" 
[22.05.2014 04:30:41.033] [0xc37290] [135] void LeechCraft::DockToolbarManager::AddDock(QDockWidget*, Qt::DockWidgetArea) double-adding QDockWidget(0x1387650) "Azoth" 
[22.05.2014 04:30:41.033] [0xc37290] [136] void LeechCraft::TabSessManager::Plugin::handleTabMoved(int, int) invalid 0 -> 1 ; total tabs: 1 
[22.05.2014 04:30:41.524] [0xc37290] [137] void LeechCraft::DockToolbarManager::AddDock(QDockWidget*, Qt::DockWidgetArea) double-adding QDockWidget(0x1387650) "Azoth" 
[22.05.2014 04:34:38.215] [0xc37290] [141] Could not resolve property : linearGradient4101
[22.05.2014 04:34:40.159] [0xc37290] [142] Could not resolve property : linearGradient4101
[22.05.2014 04:36:26.302] [0xc37290] [159] Could not resolve property : linearGradient4101
[22.05.2014 04:36:28.596] [0xc37290] [163] QMetaObject::invokeMethod: No such method LeechCraft::TagsViewer::accept()
[22.05.2014 04:36:28.598] [0xc37290] [164] QMetaObject::invokeMethod: No such method LeechCraft::TagsViewer::accept()
[22.05.2014 04:36:28.601] [0xc37290] [165] QMetaObject::invokeMethod: No such method LeechCraft::TagsViewer::accept()
[22.05.2014 04:36:28.603] [0xc37290] [166] QMetaObject::invokeMethod: No such method LeechCraft::TagsViewer::accept()
[22.05.2014 04:36:28.605] [0xc37290] [167] QMetaObject::invokeMethod: No such method LeechCraft::TagsViewer::accept()
[22.05.2014 04:36:28.607] [0xc37290] [168] QMetaObject::invokeMethod: No such method LeechCraft::TagsViewer::accept()
[22.05.2014 04:36:29.630] [0x1ad1b90] [183] Qt has caught an exception thrown from an event handler. Throwing
exceptions from an event handler is not supported in Qt. You must
reimplement QApplication::notify() and catch all exceptions there.

[22.05.2014 04:36:29.729] [0xc37290] [217] void LeechCraft::Azoth::AccountsListWidget::handleAccountRemoved(LeechCraft::Azoth::IAccount*) account "Metacontacts" LeechCraft::Azoth::Metacontacts::MetaAccount(0x1698e10) from LeechCraft::Azoth::Core(0x7fbf8f3d1240) not found here 
[22.05.2014 04:36:29.780] [0xc37290] [240] QObject::startTimer: QTimer can only be used with threads started with QThread
[22.05.2014 04:36:29.780] [0xc37290] [241] QObject::startTimer: QTimer can only be used with threads started with QThread
[22.05.2014 04:36:29.781] [0xc37290] [242] QObject::startTimer: QTimer can only be used with threads started with QThread
[22.05.2014 04:36:29.781] [0xc37290] [243] QObject::startTimer: QTimer can only be used with threads started with QThread
[22.05.2014 04:36:29.781] [0xc37290] [244] QObject::startTimer: QTimer can only be used with threads started with QThread
[22.05.2014 04:36:29.781] [0xc37290] [245] QObject::startTimer: QTimer can only be used with threads started with QThread
[22.05.2014 04:36:29.781] [0xc37290] [246] QObject::startTimer: QTimer can only be used with threads started with QThread
[22.05.2014 04:36:29.781] [0xc37290] [247] QObject::startTimer: QTimer can only be used with threads started with QThread
[22.05.2014 04:36:29.781] [0xc37290] [248] QObject::startTimer: QTimer can only be used with threads started with QThread
[22.05.2014 04:36:29.781] [0xc37290] [249] QThread: Destroyed while thread is still running
[22.05.2014 04:36:29.992] [0x1e3e290] [001] ======APPLICATION STARTUP====== 
[22.05.2014 04:36:30.998] [0x1e3e290] [028] void LeechCraft::ItemHandlerCombobox::SetDataSource(const QString&, QAbstractItemModel*, LeechCraft::Util::XmlSettingsDialog*) QComboBox(0x26b64a0, name = "ClientIcons") 0 -1 QVariant(QString, "default") not found 
[22.05.2014 04:36:31.023] [0x1e3e290] [029] Could not resolve property : linearGradient4101
[22.05.2014 04:36:31.047] [0x1e3e290] [030] Could not resolve property : linearGradient4101
[22.05.2014 04:36:31.112] [0x1e3e290] [050] void LeechCraft::Util::ResourceLoader::AddGlobalPrefix() no prefixes have been added: ("/usr/local/share/leechcraft/", "/usr/share/leechcraft/") ; rel path: "azoth/emoticons/custom/psiplus/" 
[22.05.2014 04:36:31.112] [0x1e3e290] [051] void LeechCraft::Util::ResourceLoader::AddGlobalPrefix() no prefixes have been added: ("/usr/local/share/leechcraft/", "/usr/share/leechcraft/") ; rel path: "azoth/emoticons/custom/kopete/" 
[22.05.2014 04:36:31.132] [0x1e3e290] [061] void LeechCraft::Azoth::Xoox::CapsDatabase::Load() unable to open file "/home/hacker/.leechcraft/azoth/xoox/caps_s.db" for reading: "No such file or directory" 
[22.05.2014 04:36:31.666] [0x1e3e290] [100] void LeechCraft::Azoth::Core::AddProtocolPlugin(QObject*) plugin LeechCraft::Azoth::Woodpecker::Plugin(0x22d1530) tells it implements the IProtocolPlugin but cast failed 
[22.05.2014 04:36:31.888] [0x1e3e290] [102] virtual void LeechCraft::Aggregator::BodyFetch::Plugin::SecondInit() unable to find a suitable loader, aborting 
[22.05.2014 04:36:31.909] [0x1e3e290] [103] void LeechCraft::ItemHandlerCombobox::SetDataSource(const QString&, QAbstractItemModel*, LeechCraft::Util::XmlSettingsDialog*) QComboBox(0x26afe90, name = "ChatWindowStyleVariant") 0 -1 QVariant(, ) not found 
[22.05.2014 04:36:31.909] [0x1e3e290] [104] void LeechCraft::ItemHandlerCombobox::SetDataSource(const QString&, QAbstractItemModel*, LeechCraft::Util::XmlSettingsDialog*) QComboBox(0x26da150, name = "MUCWindowStyleVariant") 0 -1 QVariant(, ) not found 
[22.05.2014 04:36:40.505] [0x1e3e290] [109] void LeechCraft::DockToolbarManager::AddDock(QDockWidget*, Qt::DockWidgetArea) double-adding QDockWidget(0x2567510) "Azoth" 
[22.05.2014 04:36:42.485] [0x1e3e290] [110] void LeechCraft::DockToolbarManager::AddDock(QDockWidget*, Qt::DockWidgetArea) double-adding QDockWidget(0x2567510) "Azoth" 
[22.05.2014 04:36:45.459] [0x1e3e290] [111] void LeechCraft::DockToolbarManager::AddDock(QDockWidget*, Qt::DockWidgetArea) double-adding QDockWidget(0x2567510) "Azoth" 
[22.05.2014 04:36:47.636] [0x1e3e290] [112] void LeechCraft::DockToolbarManager::AddDock(QDockWidget*, Qt::DockWidgetArea) double-adding QDockWidget(0x2567510) "Azoth" 
[22.05.2014 04:36:49.881] [0x1e3e290] [113] void LeechCraft::DockToolbarManager::AddDock(QDockWidget*, Qt::DockWidgetArea) double-adding QDockWidget(0x2567510) "Azoth" 
[22.05.2014 04:36:51.075] [0x1e3e290] [114] void LeechCraft::DockToolbarManager::AddDock(QDockWidget*, Qt::DockWidgetArea) double-adding QDockWidget(0x2567510) "Azoth" 
[22.05.2014 04:36:52.997] [0x1e3e290] [116] void LeechCraft::DockToolbarManager::AddDock(QDockWidget*, Qt::DockWidgetArea) double-adding QDockWidget(0x2567510) "Azoth" 
[22.05.2014 04:37:05.527] [0x1e3e290] [117] void LeechCraft::DockToolbarManager::AddDock(QDockWidget*, Qt::DockWidgetArea) double-adding QDockWidget(0x2567510) "Azoth" 
[22.05.2014 04:43:31.370] [0x1e3e290] [169] QMetaObject::invokeMethod: No such method LeechCraft::Azoth::AccountsListWidget::accept()
[22.05.2014 04:43:31.371] [0x1e3e290] [170] QMetaObject::invokeMethod: No such method LeechCraft::Azoth::AccountsListWidget::accept()
[22.05.2014 04:43:31.371] [0x1e3e290] [171] QMetaObject::invokeMethod: No such method LeechCraft::Azoth::AccountsListWidget::accept()
[22.05.2014 04:43:31.371] [0x1e3e290] [172] QMetaObject::invokeMethod: No such method LeechCraft::Azoth::AccountsListWidget::accept()
[22.05.2014 04:43:31.372] [0x1e3e290] [173] QMetaObject::invokeMethod: No such method LeechCraft::Azoth::AccountsListWidget::accept()
[22.05.2014 04:43:55.753] [0x1e3e290] [176] QMetaObject::invokeMethod: No such method LeechCraft::Azoth::AccountsListWidget::accept()
[22.05.2014 04:43:55.753] [0x1e3e290] [177] QMetaObject::invokeMethod: No such method LeechCraft::Azoth::AccountsListWidget::accept()
[22.05.2014 04:43:55.754] [0x1e3e290] [178] QMetaObject::invokeMethod: No such method LeechCraft::Azoth::AccountsListWidget::accept()
[22.05.2014 04:43:55.754] [0x1e3e290] [179] QMetaObject::invokeMethod: No such method LeechCraft::Azoth::AccountsListWidget::accept()
[22.05.2014 04:43:55.754] [0x1e3e290] [180] QMetaObject::invokeMethod: No such method LeechCraft::Azoth::AccountsListWidget::accept()
[22.05.2014 04:45:10.406] [0x1e3e290] [182] void LeechCraft::DockToolbarManager::AddDock(QDockWidget*, Qt::DockWidgetArea) double-adding QDockWidget(0x2567510) "Azoth" 
[22.05.2014 04:45:21.728] [0x2cb6770] [198] Qt has caught an exception thrown from an event handler. Throwing
exceptions from an event handler is not supported in Qt. You must
reimplement QApplication::notify() and catch all exceptions there.

[22.05.2014 04:45:21.821] [0x1e3e290] [231] void LeechCraft::Azoth::AccountsListWidget::handleAccountRemoved(LeechCraft::Azoth::IAccount*) account "Metacontacts" LeechCraft::Azoth::Metacontacts::MetaAccount(0x278e420) from LeechCraft::Azoth::Core(0x7f23677f9240) not found here 
[22.05.2014 04:45:21.879] [0x1e3e290] [254] QObject::startTimer: QTimer can only be used with threads started with QThread
[22.05.2014 04:45:21.880] [0x1e3e290] [255] QObject::startTimer: QTimer can only be used with threads started with QThread
[22.05.2014 04:45:21.880] [0x1e3e290] [256] QObject::startTimer: QTimer can only be used with threads started with QThread
[22.05.2014 04:45:21.880] [0x1e3e290] [257] QObject::startTimer: QTimer can only be used with threads started with QThread
[22.05.2014 04:45:21.880] [0x1e3e290] [258] QObject::startTimer: QTimer can only be used with threads started with QThread
[22.05.2014 04:45:21.880] [0x1e3e290] [259] QObject::startTimer: QTimer can only be used with threads started with QThread
[22.05.2014 04:45:21.881] [0x1e3e290] [260] QObject::startTimer: QTimer can only be used with threads started with QThread
[22.05.2014 04:45:21.881] [0x1e3e290] [261] QObject::startTimer: QTimer can only be used with threads started with QThread
[22.05.2014 04:45:21.881] [0x1e3e290] [262] QObject::startTimer: QTimer can only be used with threads started with QThread
[22.05.2014 04:45:21.881] [0x1e3e290] [263] QThread: Destroyed while thread is still running
